2014-08-12 13:44:54.826 MedSpecialist[1956:90b] Multi-tasking -> Device: YES, App: YES
2014-08-12 13:44:55.135 MedSpecialist[1956:90b] Unlimited access to network resources
2014-08-12 13:44:55.137 MedSpecialist[1956:90b] 

Started backup to iCloud! Please be careful.
Your application might rejected by Apple if you store too much data.
For more information please read "iOS Data Storage Guidelines"
You could find it at the following address https://developer.apple.com/icloud/documentation/data-storage/ .

2014-08-12 13:44:56.882 MedSpecialist[1956:90b] Resetting plugins due to page load.
2014-08-12 13:44:57.055 MedSpecialist[1956:90b] Finished load of: file:///Users/ZCorp/Library/Application%20Support/iPhone%20Simulator/7.1/Applications/DAB53FF7-47BB-48B7-9FF9-21731CF3F124/MedSpecialist.app/www/index.html
2014-08-12 21:02:30.203 MedSpecialist[1982:90b] Multi-tasking -> Device: YES, App: YES
2014-08-12 21:02:30.339 MedSpecialist[1982:90b] Unlimited access to network resources
2014-08-12 21:02:30.369 MedSpecialist[1982:90b] 

Started backup to iCloud! Please be careful.
Your application might rejected by Apple if you store too much data.
For more information please read "iOS Data Storage Guidelines"
You could find it at the following address https://developer.apple.com/icloud/documentation/data-storage/ .

2014-08-12 21:02:31.599 MedSpecialist[1982:90b] Resetting plugins due to page load.
2014-08-12 21:02:31.857 MedSpecialist[1982:90b] Finished load of: file:///Users/ZCorp/Library/Application%20Support/iPhone%20Simulator/7.1/Applications/DAB53FF7-47BB-48B7-9FF9-21731CF3F124/MedSpecialist.app/www/index.html
2014-08-12 21:29:34.266 MedSpecialist[3404:90b] Multi-tasking -> Device: YES, App: YES
2014-08-12 21:29:34.276 MedSpecialist[3404:90b] Unlimited access to network resources
2014-08-12 21:29:34.278 MedSpecialist[3404:90b] 

Started backup to iCloud! Please be careful.
Your application might rejected by Apple if you store too much data.
For more information please read "iOS Data Storage Guidelines"
You could find it at the following address https://developer.apple.com/icloud/documentation/data-storage/ .

2014-08-12 21:29:34.377 MedSpecialist[3404:90b] Resetting plugins due to page load.
2014-08-12 21:29:34.630 MedSpecialist[3404:90b] Finished load of: file:///Users/ZCorp/Library/Application%20Support/iPhone%20Simulator/7.1/Applications/DAB53FF7-47BB-48B7-9FF9-21731CF3F124/MedSpecialist.app/www/index.html#login
Terminating in response to SpringBoard's termination.
2014-08-12 21:30:08.941 MedSpecialist[4207:90b] Multi-tasking -> Device: YES, App: YES
2014-08-12 21:30:08.948 MedSpecialist[4207:90b] Unlimited access to network resources
2014-08-12 21:30:08.950 MedSpecialist[4207:90b] 

Started backup to iCloud! Please be careful.
Your application might rejected by Apple if you store too much data.
For more information please read "iOS Data Storage Guidelines"
You could find it at the following address https://developer.apple.com/icloud/documentation/data-storage/ .

2014-08-12 21:30:09.037 MedSpecialist[4207:90b] Resetting plugins due to page load.
2014-08-12 21:30:09.181 MedSpecialist[4207:90b] Finished load of: file:///Users/ZCorp/Library/Application%20Support/iPhone%20Simulator/7.1/Applications/DAB53FF7-47BB-48B7-9FF9-21731CF3F124/MedSpecialist.app/www/index.html#login
2014-08-12 21:31:35.966 MedSpecialist[4990:90b] Multi-tasking -> Device: YES, App: YES
2014-08-12 21:31:35.972 MedSpecialist[4990:90b] Unlimited access to network resources
2014-08-12 21:31:35.974 MedSpecialist[4990:90b] 

Started backup to iCloud! Please be careful.
Your application might rejected by Apple if you store too much data.
For more information please read "iOS Data Storage Guidelines"
You could find it at the following address https://developer.apple.com/icloud/documentation/data-storage/ .

2014-08-12 21:31:36.042 MedSpecialist[4990:90b] Resetting plugins due to page load.
2014-08-12 21:31:36.174 MedSpecialist[4990:90b] Finished load of: file:///Users/ZCorp/Library/Application%20Support/iPhone%20Simulator/7.1/Applications/DAB53FF7-47BB-48B7-9FF9-21731CF3F124/MedSpecialist.app/www/index.html#login
2014-08-12 21:32:21.441 MedSpecialist[6122:90b] Multi-tasking -> Device: YES, App: YES
2014-08-12 21:32:21.447 MedSpecialist[6122:90b] Unlimited access to network resources
2014-08-12 21:32:21.449 MedSpecialist[6122:90b] 

Started backup to iCloud! Please be careful.
Your application might rejected by Apple if you store too much data.
For more information please read "iOS Data Storage Guidelines"
You could find it at the following address https://developer.apple.com/icloud/documentation/data-storage/ .

2014-08-12 21:32:21.512 MedSpecialist[6122:90b] Resetting plugins due to page load.
2014-08-12 21:32:21.648 MedSpecialist[6122:90b] Finished load of: file:///Users/ZCorp/Library/Application%20Support/iPhone%20Simulator/7.1/Applications/DAB53FF7-47BB-48B7-9FF9-21731CF3F124/MedSpecialist.app/www/index.html#login
2014-08-12 21:34:42.315 MedSpecialist[6908:90b] Multi-tasking -> Device: YES, App: YES
2014-08-12 21:34:42.321 MedSpecialist[6908:90b] Unlimited access to network resources
2014-08-12 21:34:42.323 MedSpecialist[6908:90b] 

Started backup to iCloud! Please be careful.
Your application might rejected by Apple if you store too much data.
For more information please read "iOS Data Storage Guidelines"
You could find it at the following address https://developer.apple.com/icloud/documentation/data-storage/ .

2014-08-12 21:34:42.446 MedSpecialist[6908:90b] Resetting plugins due to page load.
2014-08-12 21:34:42.577 MedSpecialist[6908:90b] Finished load of: file:///Users/ZCorp/Library/Application%20Support/iPhone%20Simulator/7.1/Applications/FB78EF1A-ADD6-4E3A-8A26-A2CB06DBA11F/MedSpecialist.app/www/index.html#login
